2026-02-10T12:31:15.311Z [console][error] A tree hydrated but some attributes of the server rendered HTML didn't match the client properties. This won't be patched up. This can happen if a SSR-ed Client Component used:

- A server/client branch `if (typeof window !== 'undefined')`.
- Variable input such as `Date.now()` or `Math.random()` which changes each time it's called.
- Date formatting in a user's locale which doesn't match the server.
- External changing data without sending a snapshot of it along with the HTML.
- Invalid HTML tag nesting.

It can also happen if the client has a browser extension installed which messes with the HTML before React loaded.

%s%s https://react.dev/link/hydration-mismatch 

  ...
    <ScrollAndFocusHandler segmentPath={[...]}>
      <InnerScrollAndFocusHandler segmentPath={[...]} focusAndScrollRef={{apply:false, ...}}>
        <ErrorBoundary errorComponent={undefined} errorStyles={undefined} errorScripts={undefined}>
          <LoadingBoundary loading={null}>
            <HTTPAccessFallbackBoundary notFound={<SegmentViewNode>} forbidden={undefined} unauthorized={undefined}>
              <HTTPAccessFallbackErrorBoundary pathname="/" notFound={<SegmentViewNode>} forbidden={undefined} ...>
                <RedirectBoundary>
                  <RedirectErrorBoundary router={{...}}>
                    <InnerLayoutRouter url="/" tree={[...]} cacheNode={{lazyData:null, ...}} segmentPath={[...]}>
                      <SegmentViewNode type="page" pagePath="/orchids-p...">
                        <SegmentTrieNode>
                        <ClientPageRoot Component={function HomePage} searchParams={{}} params={{}}>
                          <HomePage params={Promise} searchParams={Promise}>
                            <div data-orchids-id="src/app/pa..." data-orchids-name="div" className="relative">
                              <section data-orchids-id="src/app/pa..." data-orchids-name="section" ...>
                                <LoadableComponent>
                                <div>
                                <div data-orchids-id="src/app/pa..." data-orchids-name="div" className="relative z...">
                                  <motion.div data-orchids-id="src/app/pa..." data-orchids-name="motion.div" ...>
                                    <div
                                      data-orchids-id="src/app/page.tsx:33:10"
                                      data-orchids-name="motion.div"
                                      style={{opacity:0,transform:"translateY..."}}
                                      ref={function useMotionRef.useCallback}
-                                     data-orchid-ref="ref-nffstemgr5"
                                    >
                                      <div
                                        data-orchids-id="src/app/page.tsx:38:12"
                                        data-orchids-name="div"
                                        className="mb-6 inline-flex items-center gap-2 rounded-full border border-viol..."
-                                       data-orchid-ref="ref-px7e4wqoaw"
                                      >
                                        <Sparkles className="h-4 w-4">
                                          <svg
                                            ref={null}
                                            xmlns="http://www.w3.org/2000/svg"
                                            width={24}
                                            height={24}
                                            viewBox="0 0 24 24"
                                            fill="none"
                                            stroke="currentColor"
                                            strokeWidth={2}
                                            strokeLinecap="round"
                                            strokeLinejoin="round"
                                            className="lucide lucide-sparkles h-4 w-4"
                                            ... [truncated]
2026-02-10T12:31:15.312Z [console][error] A tree hydrated but some attributes of the server rendered HTML didn't match the client properties. This won't be patched up. This can happen if a SSR-ed Client Component used:

- A server/client branch `if (typeof window !== 'undefined')`.
- Variable input such as `Date.now()` or `Math.random()` which changes each time it's called.
- Date formatting in a user's locale which doesn't match the server.
- External changing data without sending a snapshot of it along with the HTML.
- Invalid HTML tag nesting.

It can also happen if the client has a browser extension installed which messes with the HTML before React loaded.

%s%s https://react.dev/link/hydration-mismatch 

  ...
    <ScrollAndFocusHandler segmentPath={[...]}>
      <InnerScrollAndFocusHandler segmentPath={[...]} focusAndScrollRef={{apply:false, ...}}>
        <ErrorBoundary errorComponent={undefined} errorStyles={undefined} errorScripts={undefined}>
          <LoadingBoundary loading={null}>
            <HTTPAccessFallbackBoundary notFound={<SegmentViewNode>} forbidden={undefined} unauthorized={undefined}>
              <HTTPAccessFallbackErrorBoundary pathname="/" notFound={<SegmentViewNode>} forbidden={undefined} ...>
                <RedirectBoundary>
                  <RedirectErrorBoundary router={{...}}>
                    <InnerLayoutRouter url="/" tree={[...]} cacheNode={{lazyData:null, ...}} segmentPath={[...]}>
                      <SegmentViewNode type="page" pagePath="/orchids-p...">
                        <SegmentTrieNode>
                        <ClientPageRoot Component={function HomePage} searchParams={{}} params={{}}>
                          <HomePage params={Promise} searchParams={Promise}>
                            <div data-orchids-id="src/app/pa..." data-orchids-name="div" className="relative">
                              <section data-orchids-id="src/app/pa..." data-orchids-name="section" ...>
                                <LoadableComponent>
                             ...
2026-02-10T12:31:15.311Z [console][error] A tree hydrated but some attributes of the server rendered HTML didn't match the client properties. This won't be patched up. This can happen if a SSR-ed Client Component used:

- A server/client branch `if (typeof window !== 'undefined')`.
- Variable input such as `Date.now()` or `Math.random()` which changes each time it's called.
- Date formatting in a user's locale which doesn't match the server.
- External changing data without sending a snapshot of it along with the HTML.
- Invalid HTML tag nesting.

It can also happen if the client has a browser extension installed which messes with the HTML before React loaded.

%s%s https://react.dev/link/hydration-mismatch 

  ...
    <ScrollAndFocusHandler segmentPath={[...]}>
      <InnerScrollAndFocusHandler segmentPath={[...]} focusAndScrollRef={{apply:false, ...}}>
        <ErrorBoundary errorComponent={undefined} errorStyles={undefined} errorScripts={undefined}>
          <LoadingBoundary loading={null}>
            <HTTPAccessFallbackBoundary notFound={<SegmentViewNode>} forbidden={undefined} unauthorized={undefined}>
              <HTTPAccessFallbackErrorBoundary pathname="/" notFound={<SegmentViewNode>} forbidden={undefined} ...>
                <RedirectBoundary>
                  <RedirectErrorBoundary router={{...}}>
                    <InnerLayoutRouter url="/" tree={[...]} cacheNode={{lazyData:null, ...}} segmentPath={[...]}>
                      <SegmentViewNode type="page" pagePath="/orchids-p...">
                        <SegmentTrieNode>
                        <ClientPageRoot Component={function HomePage} searchParams={{}} params={{}}>
                          <HomePage params={Promise} searchParams={Promise}>
                            <div data-orchids-id="src/app/pa..." data-orchids-name="div" className="relative">
                              <section data-orchids-id="src/app/pa..." data-orchids-name="section" ...>
                                <LoadableComponent>
                                <div>
                                <div data-orchids-id="src/app/pa..." data-orchids-name="div" className="relative z...">
                                  <motion.div data-orchids-id="src/app/pa..." data-orchids-name="motion.div" ...>
                                    <div
                                      data-orchids-id="src/app/page.tsx:33:10"
                                      data-orchids-name="motion.div"
                                      style={{opacity:0,transform:"translateY..."}}
                                      ref={function useMotionRef.useCallback}
-                                     data-orchid-ref="ref-nffstemgr5"
                                    >
                                      <div
                                        data-orchids-id="src/app/page.tsx:38:12"
                                        data-orchids-name="div"
                                        className="mb-6 inline-flex items-center gap-2 rounded-full border border-viol..."
-                                       data-orchid-ref="ref-px7e4wqoaw"
                                      >
                                        <Sparkles className="h-4 w-4">
                                          <svg
                                            ref={null}
                                            xmlns="http://www.w3.org/2000/svg"
                                            width={24}
                                            height={24}
                                            viewBox="0 0 24 24"
                                            fill="none"
                                            stroke="currentColor"
                                            strokeWidth={2}
                                            strokeLinecap="round"
                                            strokeLinejoin="round"
                                            className="lucide lucide-sparkles h-4 w-4"
                                            ... [truncated]
2026-02-10T12:31:15.312Z [console][error] A tree hydrated but some attributes of the server rendered HTML didn't match the client properties. This won't be patched up. This can happen if a SSR-ed Client Component used:

- A server/client branch `if (typeof window !== 'undefined')`.
- Variable input such as `Date.now()` or `Math.random()` which changes each time it's called.
- Date formatting in a user's locale which doesn't match the server.
- External changing data without sending a snapshot of it along with the HTML.
- Invalid HTML tag nesting.

It can also happen if the client has a browser extension installed which messes with the HTML before React loaded.

%s%s https://react.dev/link/hydration-mismatch 

  ...
    <ScrollAndFocusHandler segmentPath={[...]}>
      <InnerScrollAndFocusHandler segmentPath={[...]} focusAndScrollRef={{apply:false, ...}}>
        <ErrorBoundary errorComponent={undefined} errorStyles={undefined} errorScripts={undefined}>
          <LoadingBoundary loading={null}>
            <HTTPAccessFallbackBoundary notFound={<SegmentViewNode>} forbidden={undefined} unauthorized={undefined}>
              <HTTPAccessFallbackErrorBoundary pathname="/" notFound={<SegmentViewNode>} forbidden={undefined} ...>
                <RedirectBoundary>
                  <RedirectErrorBoundary router={{...}}>
                    <InnerLayoutRouter url="/" tree={[...]} cacheNode={{lazyData:null, ...}} segmentPath={[...]}>
                      <SegmentViewNode type="page" pagePath="/orchids-p...">
                        <SegmentTrieNode>
                        <ClientPageRoot Component={function HomePage} searchParams={{}} params={{}}>
                          <HomePage params={Promise} searchParams={Promise}>
                            <div data-orchids-id="src/app/pa..." data-orchids-name="div" className="relative">
                              <section data-orchids-id="src/app/pa..." data-orchids-name="section" ...>
                                <LoadableComponent>
                             ...
